This is pdfTeX, Version 3.14159265-2.6-1.40.15 (MiKTeX 2.9) (preloaded format=pdflatex 2015.2.19)  21 JUN 2017 02:10
entering extended mode
**"Rapport TP-Kernel.tex"
("Rapport TP-Kernel.tex"
LaTeX2e <2014/05/01>
Babel <3.9l> and hyphenation patterns for 68 languages loaded.
("C:\Program Files (x86)\MiKTeX 2.9\tex\latex\base\report.cls"
Document Class: report 2014/09/29 v1.4h Standard LaTeX document class
("C:\Program Files (x86)\MiKTeX 2.9\tex\latex\base\size12.clo"
File: size12.clo 2014/09/29 v1.4h Standard LaTeX file (size option)
)
\c@part=\count79
\c@chapter=\count80
\c@section=\count81
\c@subsection=\count82
\c@subsubsection=\count83
\c@paragraph=\count84
\c@subparagraph=\count85
\c@figure=\count86
\c@table=\count87
\abovecaptionskip=\skip41
\belowcaptionskip=\skip42
\bibindent=\dimen102
)
("C:\Program Files (x86)\MiKTeX 2.9\tex\latex\adjustbox\adjustbox.sty"
Package: adjustbox 2012/05/21 v1.0 Adjusting TeX boxes (trim, clip, ...)

("C:\Program Files (x86)\MiKTeX 2.9\tex\latex\xkeyval\xkeyval.sty"
Package: xkeyval 2014/12/03 v2.7a package option processing (HA)

("C:\Program Files (x86)\MiKTeX 2.9\tex\generic\xkeyval\xkeyval.tex"
("C:\Program Files (x86)\MiKTeX 2.9\tex\generic\xkeyval\xkvutils.tex"
\XKV@toks=\toks14
\XKV@tempa@toks=\toks15

("C:\Program Files (x86)\MiKTeX 2.9\tex\generic\xkeyval\keyval.tex"))
\XKV@depth=\count88
File: xkeyval.tex 2014/12/03 v2.7a key=value parser (HA)
))
("C:\Program Files (x86)\MiKTeX 2.9\tex\latex\adjustbox\adjcalc.sty"
Package: adjcalc 2012/05/16 v1.1 Provides advanced setlength with multiple back-ends (calc, etex, pgfmath)
)
("C:\Program Files (x86)\MiKTeX 2.9\tex\latex\adjustbox\trimclip.sty"
Package: trimclip 2012/05/16 v1.0 Trim and clip general TeX material

("C:\Program Files (x86)\MiKTeX 2.9\tex\latex\graphics\graphicx.sty"
Package: graphicx 2014/10/28 v1.0g Enhanced LaTeX Graphics (DPC,SPQR)

("C:\Program Files (x86)\MiKTeX 2.9\tex\latex\graphics\graphics.sty"
Package: graphics 2014/10/28 v1.0p Standard LaTeX Graphics (DPC,SPQR)

("C:\Program Files (x86)\MiKTeX 2.9\tex\latex\graphics\trig.sty"
Package: trig 1999/03/16 v1.09 sin cos tan (DPC)
)
("C:\Program Files (x86)\MiKTeX 2.9\tex\latex\00miktex\graphics.cfg"
File: graphics.cfg 2007/01/18 v1.5 graphics configuration of teTeX/TeXLive
)
Package graphics Info: Driver file: pdftex.def on input line 91.

("C:\Program Files (x86)\MiKTeX 2.9\tex\latex\pdftex-def\pdftex.def"
File: pdftex.def 2011/05/27 v0.06d Graphics/color for pdfTeX

("C:\Program Files (x86)\MiKTeX 2.9\tex\generic\oberdiek\infwarerr.sty"
Package: infwarerr 2010/04/08 v1.3 Providing info/warning/error messages (HO)
)
("C:\Program Files (x86)\MiKTeX 2.9\tex\generic\oberdiek\ltxcmds.sty"
Package: ltxcmds 2011/11/09 v1.22 LaTeX kernel commands for general use (HO)
)
\Gread@gobject=\count89
))
\Gin@req@height=\dimen103
\Gin@req@width=\dimen104
)
("C:\Program Files (x86)\MiKTeX 2.9\tex\latex\collectbox\collectbox.sty"
Package: collectbox 2012/05/17 v0.4b Collect macro arguments as boxes
\collectedbox=\box26
)
\tc@llx=\dimen105
\tc@lly=\dimen106
\tc@urx=\dimen107
\tc@ury=\dimen108
Package trimclip Info: Using driver 'tc-pdftex.def'.

("C:\Program Files (x86)\MiKTeX 2.9\tex\latex\adjustbox\tc-pdftex.def"
File: tc-pdftex.def 2012/05/13 v1.0 Clipping driver for pdftex
))
\adjbox@Width=\dimen109
\adjbox@Height=\dimen110
\adjbox@Depth=\dimen111
\adjbox@Totalheight=\dimen112

("C:\Program Files (x86)\MiKTeX 2.9\tex\latex\ifoddpage\ifoddpage.sty"
Package: ifoddpage 2016/04/23 v1.1 Conditionals for odd/even page detection
\c@checkoddpage=\count90
)
("C:\Program Files (x86)\MiKTeX 2.9\tex\latex\ltxmisc\varwidth.sty"
Package: varwidth 2009/03/30 ver 0.92;  Variable-width minipages
\@vwid@box=\box27
\sift@deathcycles=\count91
\@vwid@loff=\dimen113
\@vwid@roff=\dimen114
))
("C:\Program Files (x86)\MiKTeX 2.9\tex\latex\geometry\geometry.sty"
Package: geometry 2010/09/12 v5.6 Page Geometry

("C:\Program Files (x86)\MiKTeX 2.9\tex\generic\oberdiek\ifpdf.sty"
Package: ifpdf 2011/01/30 v2.3 Provides the ifpdf switch (HO)
Package ifpdf Info: pdfTeX in PDF mode is detected.
)
("C:\Program Files (x86)\MiKTeX 2.9\tex\generic\oberdiek\ifvtex.sty"
Package: ifvtex 2010/03/01 v1.5 Detect VTeX and its facilities (HO)
Package ifvtex Info: VTeX not detected.
)
("C:\Program Files (x86)\MiKTeX 2.9\tex\generic\ifxetex\ifxetex.sty"
Package: ifxetex 2010/09/12 v0.6 Provides ifxetex conditional
)
\Gm@cnth=\count92
\Gm@cntv=\count93
\c@Gm@tempcnt=\count94
\Gm@bindingoffset=\dimen115
\Gm@wd@mp=\dimen116
\Gm@odd@mp=\dimen117
\Gm@even@mp=\dimen118
\Gm@layoutwidth=\dimen119
\Gm@layoutheight=\dimen120
\Gm@layouthoffset=\dimen121
\Gm@layoutvoffset=\dimen122
\Gm@dimlist=\toks16

("C:\Program Files (x86)\MiKTeX 2.9\tex\latex\geometry\geometry.cfg"))
("C:\Program Files (x86)\MiKTeX 2.9\tex\latex\babel\babel.sty"
Package: babel 2014/09/25 3.9l The Babel package

*************************************
* Local config file bblopts.cfg used
*
("C:\Program Files (x86)\MiKTeX 2.9\tex\latex\00miktex\bblopts.cfg"
File: bblopts.cfg 2006/07/31 v1.0 MiKTeX 'babel' configuration
)
("C:\Program Files (x86)\MiKTeX 2.9\tex\latex\babel-french\frenchb.ldf"
Language: frenchb 2014/10/25 v3.1c French support from the babel system

("C:\Program Files (x86)\MiKTeX 2.9\tex\latex\babel\babel.def"
File: babel.def 2014/09/25 3.9l Babel common definitions
\babel@savecnt=\count95
\U@D=\dimen123
)
\l@acadian = a dialect from \language\l@french 
\l@canadien = a dialect from \language\l@french 
\FBcolonskip=\skip43
\FBthinskip=\skip44
\FB@interchartokenstateORI=\count96
Package babel Info: Making : an active character on input line 371.
Package babel Info: Making ; an active character on input line 372.
Package babel Info: Making ! an active character on input line 373.
Package babel Info: Making ? an active character on input line 374.
\FBguillskip=\skip45
\FBguill@level=\count97
\FB@Mht=\dimen124
\std@mcc=\count98
\dec@mcc=\count99
\listindentFB=\skip46
\labelwidthFB=\skip47
\leftmarginFB=\skip48
\parindentFFN=\dimen125
))
("C:\Program Files (x86)\MiKTeX 2.9\tex\latex\carlisle\scalefnt.sty")
("C:\Program Files (x86)\MiKTeX 2.9\tex\latex\base\fontenc.sty"
Package: fontenc 2005/09/27 v1.99g Standard LaTeX package

("C:\Program Files (x86)\MiKTeX 2.9\tex\latex\base\t1enc.def"
File: t1enc.def 2005/09/27 v1.99g Standard LaTeX file
LaTeX Font Info:    Redeclaring font encoding T1 on input line 43.
))
("C:\Program Files (x86)\MiKTeX 2.9\tex\latex\base\inputenc.sty"
Package: inputenc 2014/04/30 v1.2b Input encoding file
\inpenc@prehook=\toks17
\inpenc@posthook=\toks18

("C:\Program Files (x86)\MiKTeX 2.9\tex\latex\base\latin1.def"
File: latin1.def 2014/04/30 v1.2b Input encoding file
))
("C:\Program Files (x86)\MiKTeX 2.9\tex\latex\tools\verbatim.sty"
Package: verbatim 2014/10/28 v1.5q LaTeX2e package for verbatim enhancements
\every@verbatim=\toks19
\verbatim@line=\toks20
\verbatim@in@stream=\read1
)
("C:\Program Files (x86)\MiKTeX 2.9\tex\latex\lm\lmodern.sty"
Package: lmodern 2009/10/30 v1.6 Latin Modern Fonts
LaTeX Font Info:    Overwriting symbol font `operators' in version `normal'
(Font)                  OT1/cmr/m/n --> OT1/lmr/m/n on input line 22.
LaTeX Font Info:    Overwriting symbol font `letters' in version `normal'
(Font)                  OML/cmm/m/it --> OML/lmm/m/it on input line 23.
LaTeX Font Info:    Overwriting symbol font `symbols' in version `normal'
(Font)                  OMS/cmsy/m/n --> OMS/lmsy/m/n on input line 24.
LaTeX Font Info:    Overwriting symbol font `largesymbols' in version `normal'
(Font)                  OMX/cmex/m/n --> OMX/lmex/m/n on input line 25.
LaTeX Font Info:    Overwriting symbol font `operators' in version `bold'
(Font)                  OT1/cmr/bx/n --> OT1/lmr/bx/n on input line 26.
LaTeX Font Info:    Overwriting symbol font `letters' in version `bold'
(Font)                  OML/cmm/b/it --> OML/lmm/b/it on input line 27.
LaTeX Font Info:    Overwriting symbol font `symbols' in version `bold'
(Font)                  OMS/cmsy/b/n --> OMS/lmsy/b/n on input line 28.
LaTeX Font Info:    Overwriting symbol font `largesymbols' in version `bold'
(Font)                  OMX/cmex/m/n --> OMX/lmex/m/n on input line 29.
LaTeX Font Info:    Overwriting math alphabet `\mathbf' in version `normal'
(Font)                  OT1/cmr/bx/n --> OT1/lmr/bx/n on input line 31.
LaTeX Font Info:    Overwriting math alphabet `\mathsf' in version `normal'
(Font)                  OT1/cmss/m/n --> OT1/lmss/m/n on input line 32.
LaTeX Font Info:    Overwriting math alphabet `\mathit' in version `normal'
(Font)                  OT1/cmr/m/it --> OT1/lmr/m/it on input line 33.
LaTeX Font Info:    Overwriting math alphabet `\mathtt' in version `normal'
(Font)                  OT1/cmtt/m/n --> OT1/lmtt/m/n on input line 34.
LaTeX Font Info:    Overwriting math alphabet `\mathbf' in version `bold'
(Font)                  OT1/cmr/bx/n --> OT1/lmr/bx/n on input line 35.
LaTeX Font Info:    Overwriting math alphabet `\mathsf' in version `bold'
(Font)                  OT1/cmss/bx/n --> OT1/lmss/bx/n on input line 36.
LaTeX Font Info:    Overwriting math alphabet `\mathit' in version `bold'
(Font)                  OT1/cmr/bx/it --> OT1/lmr/bx/it on input line 37.
LaTeX Font Info:    Overwriting math alphabet `\mathtt' in version `bold'
(Font)                  OT1/cmtt/m/n --> OT1/lmtt/m/n on input line 38.
)
("C:\Program Files (x86)\MiKTeX 2.9\tex\latex\amsmath\amsmath.sty"
Package: amsmath 2013/01/14 v2.14 AMS math features
\@mathmargin=\skip49

For additional information on amsmath, use the `?' option.
("C:\Program Files (x86)\MiKTeX 2.9\tex\latex\amsmath\amstext.sty"
Package: amstext 2000/06/29 v2.01

("C:\Program Files (x86)\MiKTeX 2.9\tex\latex\amsmath\amsgen.sty"
File: amsgen.sty 1999/11/30 v2.0
\@emptytoks=\toks21
\ex@=\dimen126
))
("C:\Program Files (x86)\MiKTeX 2.9\tex\latex\amsmath\amsbsy.sty"
Package: amsbsy 1999/11/29 v1.2d
\pmbraise@=\dimen127
)
("C:\Program Files (x86)\MiKTeX 2.9\tex\latex\amsmath\amsopn.sty"
Package: amsopn 1999/12/14 v2.01 operator names
)
\inf@bad=\count100
LaTeX Info: Redefining \frac on input line 210.
\uproot@=\count101
\leftroot@=\count102
LaTeX Info: Redefining \overline on input line 306.
\classnum@=\count103
\DOTSCASE@=\count104
LaTeX Info: Redefining \ldots on input line 378.
LaTeX Info: Redefining \dots on input line 381.
LaTeX Info: Redefining \cdots on input line 466.
\Mathstrutbox@=\box28
\strutbox@=\box29
\big@size=\dimen128
LaTeX Font Info:    Redeclaring font encoding OML on input line 566.
LaTeX Font Info:    Redeclaring font encoding OMS on input line 567.
\macc@depth=\count105
\c@MaxMatrixCols=\count106
\dotsspace@=\muskip10
\c@parentequation=\count107
\dspbrk@lvl=\count108
\tag@help=\toks22
\row@=\count109
\column@=\count110
\maxfields@=\count111
\andhelp@=\toks23
\eqnshift@=\dimen129
\alignsep@=\dimen130
\tagshift@=\dimen131
\tagwidth@=\dimen132
\totwidth@=\dimen133
\lineht@=\dimen134
\@envbody=\toks24
\multlinegap=\skip50
\multlinetaggap=\skip51
\mathdisplay@stack=\toks25
LaTeX Info: Redefining \[ on input line 2665.
LaTeX Info: Redefining \] on input line 2666.
)
("C:\Program Files (x86)\MiKTeX 2.9\tex\latex\amscls\amsthm.sty"
Package: amsthm 2009/07/02 v2.20.1
\thm@style=\toks26
\thm@bodyfont=\toks27
\thm@headfont=\toks28
\thm@notefont=\toks29
\thm@headpunct=\toks30
\thm@preskip=\skip52
\thm@postskip=\skip53
\thm@headsep=\skip54
\dth@everypar=\toks31
)
("C:\Program Files (x86)\MiKTeX 2.9\tex\latex\amsfonts\amsfonts.sty"
Package: amsfonts 2013/01/14 v3.01 Basic AMSFonts support
\symAMSa=\mathgroup4
\symAMSb=\mathgroup5
LaTeX Font Info:    Overwriting math alphabet `\mathfrak' in version `bold'
(Font)                  U/euf/m/n --> U/euf/b/n on input line 106.
)
("C:\Program Files (x86)\MiKTeX 2.9\tex\latex\packages\setspace\setspace.sty"
Package: setspace 2011/12/19 v6.7a set line spacing
)
("C:\Program Files (x86)\MiKTeX 2.9\tex\latex\listings\listings.sty"
\lst@mode=\count112
\lst@gtempboxa=\box30
\lst@token=\toks32
\lst@length=\count113
\lst@currlwidth=\dimen135
\lst@column=\count114
\lst@pos=\count115
\lst@lostspace=\dimen136
\lst@width=\dimen137
\lst@newlines=\count116
\lst@lineno=\count117
\lst@maxwidth=\dimen138

("C:\Program Files (x86)\MiKTeX 2.9\tex\latex\listings\lstmisc.sty"
File: lstmisc.sty 2014/09/06 1.5e (Carsten Heinz)
\c@lstnumber=\count118
\lst@skipnumbers=\count119
\lst@framebox=\box31
)
("C:\Program Files (x86)\MiKTeX 2.9\tex\latex\listings\listings.cfg"
File: listings.cfg 2014/09/06 1.5e listings configuration
))
Package: listings 2014/09/06 1.5e (Carsten Heinz)

("C:\Program Files (x86)\MiKTeX 2.9\tex\latex\listings\lstlang1.sty"
File: lstlang1.sty 2014/09/06 1.5e listings language file
)
("C:\Program Files (x86)\MiKTeX 2.9\tex\latex\listings\lstlang1.sty"
File: lstlang1.sty 2014/09/06 1.5e listings language file
)
("C:\Program Files (x86)\MiKTeX 2.9\tex\latex\listings\lstmisc.sty"
File: lstmisc.sty 2014/09/06 1.5e (Carsten Heinz)
)
("C:\Program Files (x86)\MiKTeX 2.9\tex\latex\graphics\color.sty"
Package: color 2014/10/28 v1.1a Standard LaTeX Color (DPC)

("C:\Program Files (x86)\MiKTeX 2.9\tex\latex\00miktex\color.cfg"
File: color.cfg 2007/01/18 v1.5 color configuration of teTeX/TeXLive
)
Package color Info: Driver file: pdftex.def on input line 137.
)
("C:\Program Files (x86)\MiKTeX 2.9\tex\latex\fancyhdr\fancyhdr.sty"
Package: fancyhdr 2016/09/06 3.8 Extensive control of page headers and footers
\fancy@headwidth=\skip55
\f@ncyO@elh=\skip56
\f@ncyO@erh=\skip57
\f@ncyO@olh=\skip58
\f@ncyO@orh=\skip59
\f@ncyO@elf=\skip60
\f@ncyO@erf=\skip61
\f@ncyO@olf=\skip62
\f@ncyO@orf=\skip63
)
("C:\Program Files (x86)\MiKTeX 2.9\tex\latex\titlesec\titlesec.sty"
Package: titlesec 2016/03/21 v2.10.2 Sectioning titles
\ttl@box=\box32
\beforetitleunit=\skip64
\aftertitleunit=\skip65
\ttl@plus=\dimen139
\ttl@minus=\dimen140
\ttl@toksa=\toks33
\titlewidth=\dimen141
\titlewidthlast=\dimen142
\titlewidthfirst=\dimen143
)
("C:\Program Files (x86)\MiKTeX 2.9\tex\latex\titlesec\frame.tss"
File: frame.tss 2016/03/15
) ("Rapport TP-Kernel.aux")
LaTeX Font Info:    Checking defaults for OML/cmm/m/it on input line 128.
LaTeX Font Info:    ... okay on input line 128.
LaTeX Font Info:    Checking defaults for T1/cmr/m/n on input line 128.
LaTeX Font Info:    ... okay on input line 128.
LaTeX Font Info:    Checking defaults for OT1/cmr/m/n on input line 128.
LaTeX Font Info:    ... okay on input line 128.
LaTeX Font Info:    Checking defaults for OMS/cmsy/m/n on input line 128.
LaTeX Font Info:    ... okay on input line 128.
LaTeX Font Info:    Checking defaults for OMX/cmex/m/n on input line 128.
LaTeX Font Info:    ... okay on input line 128.
LaTeX Font Info:    Checking defaults for U/cmr/m/n on input line 128.
LaTeX Font Info:    ... okay on input line 128.
LaTeX Font Info:    Try loading font information for T1+lmr on input line 128.

("C:\Program Files (x86)\MiKTeX 2.9\tex\latex\lm\t1lmr.fd"
File: t1lmr.fd 2009/10/30 v1.6 Font defs for Latin Modern
)
("C:\Program Files (x86)\MiKTeX 2.9\tex\latex\packages\mptopdf\tex\context\base\supp-pdf.mkii"
[Loading MPS to PDF converter (version 2006.09.02).]
\scratchcounter=\count120
\scratchdimen=\dimen144
\scratchbox=\box33
\nofMPsegments=\count121
\nofMParguments=\count122
\everyMPshowfont=\toks34
\MPscratchCnt=\count123
\MPscratchDim=\dimen145
\MPnumerator=\count124
\everyMPtoPDFconversion=\toks35
)
*geometry* driver: auto-detecting
*geometry* detected driver: pdftex
*geometry* verbose mode - [ preamble ] result:
* driver: pdftex
* paper: a4paper
* layout: <same size as paper>
* layoutoffset:(h,v)=(0.0pt,0.0pt)
* modes: 
* h-part:(L,W,R)=(89.62709pt, 418.25368pt, 89.6271pt)
* v-part:(T,H,B)=(101.40665pt, 591.5302pt, 152.11pt)
* \paperwidth=597.50787pt
* \paperheight=845.04684pt
* \textwidth=418.25368pt
* \textheight=591.5302pt
* \oddsidemargin=17.3571pt
* \evensidemargin=17.3571pt
* \topmargin=-7.86334pt
* \headheight=12.0pt
* \headsep=25.0pt
* \topskip=12.0pt
* \footskip=30.0pt
* \marginparwidth=35.0pt
* \marginparsep=10.0pt
* \columnsep=10.0pt
* \skip\footins=10.8pt plus 4.0pt minus 2.0pt
* \hoffset=0.0pt
* \voffset=0.0pt
* \mag=1000
* \@twocolumnfalse
* \@twosidefalse
* \@mparswitchfalse
* \@reversemarginfalse
* (1in=72.27pt=25.4mm, 1cm=28.453pt)

LaTeX Info: Redefining \degres on input line 128.
LaTeX Info: Redefining \dots on input line 128.
LaTeX Info: Redefining \up on input line 128.
\c@lstlisting=\count125
<sigle_UTC.jpg, id=1, 367.3725pt x 283.0575pt>
File: sigle_UTC.jpg Graphic file (type jpg)
 <use sigle_UTC.jpg>
Package pdftex.def Info: sigle_UTC.jpg used on input line 133.
(pdftex.def)             Requested size: 62.73549pt x 48.33508pt.
 [1

{C:/ProgramData/MiKTeX/2.9/pdftex/config/pdftex.map} <./sigle_UTC.jpg>] ("Rapport TP-Kernel.toc"
LaTeX Font Info:    Try loading font information for OT1+lmr on input line 3.
 ("C:\Program Files (x86)\MiKTeX 2.9\tex\latex\lm\ot1lmr.fd"
File: ot1lmr.fd 2009/10/30 v1.6 Font defs for Latin Modern
)
LaTeX Font Info:    Try loading font information for OML+lmm on input line 3.

("C:\Program Files (x86)\MiKTeX 2.9\tex\latex\lm\omllmm.fd"
File: omllmm.fd 2009/10/30 v1.6 Font defs for Latin Modern
)
LaTeX Font Info:    Try loading font information for OMS+lmsy on input line 3.
 ("C:\Program Files (x86)\MiKTeX 2.9\tex\latex\lm\omslmsy.fd"
File: omslmsy.fd 2009/10/30 v1.6 Font defs for Latin Modern
)
LaTeX Font Info:    Try loading font information for OMX+lmex on input line 3.
 ("C:\Program Files (x86)\MiKTeX 2.9\tex\latex\lm\omxlmex.fd"
File: omxlmex.fd 2009/10/30 v1.6 Font defs for Latin Modern
)
LaTeX Font Info:    External font `lmex10' loaded for size
(Font)              <12> on input line 3.
LaTeX Font Info:    External font `lmex10' loaded for size
(Font)              <8> on input line 3.
LaTeX Font Info:    External font `lmex10' loaded for size
(Font)              <6> on input line 3.
LaTeX Font Info:    Try loading font information for U+msa on input line 3.

("C:\Program Files (x86)\MiKTeX 2.9\tex\latex\amsfonts\umsa.fd"
File: umsa.fd 2013/01/14 v3.01 AMS symbols A
)
LaTeX Font Info:    Try loading font information for U+msb on input line 3.

("C:\Program Files (x86)\MiKTeX 2.9\tex\latex\amsfonts\umsb.fd"
File: umsb.fd 2013/01/14 v3.01 AMS symbols B
) [1

])
\tf@toc=\write3


Package Fancyhdr Warning: \headheight is too small (12.0pt): 
 Make it at least 14.49998pt.
 We now make it that large for the rest of the document.
 This may cause the page layout to be inconsistent, however.

[2] ("Rapport TP-Kernel.lof")
\tf@lof=\write4
 [3

]
Chapitre 1.
LaTeX Font Info:    External font `lmex10' loaded for size
(Font)              <10> on input line 182.
LaTeX Font Info:    External font `lmex10' loaded for size
(Font)              <7> on input line 182.
LaTeX Font Info:    External font `lmex10' loaded for size
(Font)              <5> on input line 182.
[4

] [5] [6] [7]
LaTeX Font Info:    Try loading font information for OMS+lmr on input line 321.
 ("C:\Program Files (x86)\MiKTeX 2.9\tex\latex\lm\omslmr.fd"
File: omslmr.fd 2009/10/30 v1.6 Font defs for Latin Modern
)
LaTeX Font Info:    Font shape `OMS/lmr/m/n' in size <10> not available
(Font)              Font shape `OMS/lmsy/m/n' tried instead on input line 321.
 [8]
<screens/tp1/Exo1_NEW.PNG, id=38, 161.85469pt x 103.88812pt>
File: screens/tp1/Exo1_NEW.PNG Graphic file (type png)
 <use screens/tp1/Exo1_NEW.PNG>
Package pdftex.def Info: screens/tp1/Exo1_NEW.PNG used on input line 355.
(pdftex.def)             Requested size: 209.12683pt x 134.23816pt.
 [9 <./screens/tp1/Exo1_NEW.PNG>] [10] [11] [12] [13] [14] [15] [16]
Chapitre 2.

Underfull \hbox (badness 10000) in paragraph at lines 607--609

 []


Underfull \hbox (badness 10000) in paragraph at lines 629--631

 []

[17

]
Overfull \hbox (6.00328pt too wide) in paragraph at lines 654--654
|[]\T1/lmr/bx/n/14.4 Modèle de com-mu-ni-ca-tions pro-duc-teur/-con-som-ma-teur.| 
 []


Underfull \hbox (badness 10000) in paragraph at lines 656--657

 []

[18]
Underfull \hbox (badness 10000) in paragraph at lines 665--670

 []


Underfull \hbox (badness 10000) in paragraph at lines 671--674

 []


Underfull \hbox (badness 10000) in paragraph at lines 675--676

 []

[19] [20] [21]

LaTeX Warning: Reference `conso_plus_rapide' on page 22 undefined on input line 808.


Underfull \hbox (badness 10000) in paragraph at lines 808--809

 []

[22]

LaTeX Warning: Reference `prod_plus_rapide' on page 23 undefined on input line 822.


Underfull \hbox (badness 10000) in paragraph at lines 822--823

 []

[23] <screens/conso_plus_rapide_sem.png, id=88, 236.38312pt x 689.57625pt>
File: screens/conso_plus_rapide_sem.png Graphic file (type png)
 <use screens/conso_plus_rapide_sem.png>
Package pdftex.def Info: screens/conso_plus_rapide_sem.png used on input line 837.
(pdftex.def)             Requested size: 167.2989pt x 488.05582pt.


LaTeX Warning: `h' float specifier changed to `ht'.

<screens/prod_plus_rapide_sem.png, id=89, 241.65282pt x 697.8572pt>
File: screens/prod_plus_rapide_sem.png Graphic file (type png)
 <use screens/prod_plus_rapide_sem.png>
Package pdftex.def Info: screens/prod_plus_rapide_sem.png used on input line 846.
(pdftex.def)             Requested size: 167.2989pt x 483.15118pt.


LaTeX Warning: `h' float specifier changed to `ht'.


Underfull \hbox (badness 10000) in paragraph at lines 861--862

 []

[24]
Underfull \hbox (badness 10000) in paragraph at lines 892--893

 []


Underfull \hbox (badness 10000) in paragraph at lines 894--895

 []


Underfull \hbox (badness 10000) in paragraph at lines 910--911

 []

[25]
Underfull \hbox (badness 10000) in paragraph at lines 937--938

 []


Underfull \hbox (badness 10000) in paragraph at lines 949--950

 []

[26]
Underfull \hbox (badness 10000) in paragraph at lines 985--986

 []

[27] [28] [29] [30]

LaTeX Warning: Reference `conso_plus_rapide' on page 31 undefined on input line 1161.


LaTeX Warning: Reference `prod_plus_rapide' on page 31 undefined on input line 1162.


Underfull \hbox (badness 10000) in paragraph at lines 1161--1163

 []


Underfull \hbox (badness 10000) in paragraph at lines 1166--1167

 []

[31] [32] [33] [34]
Underfull \hbox (badness 10000) in paragraph at lines 1350--1351

 []


LaTeX Warning: Reference `prod_plus_rapide_sem_2prod_meme_vitesse_1conso' on page 35 undefined on input line 1352.


Underfull \hbox (badness 10000) in paragraph at lines 1352--1354

 []


LaTeX Warning: Reference `conso_plus_rapide_sem_2prod_meme_vitesse_1conso' on page 35 undefined on input line 1355.

[35] <screens/prod_plus_rapide_sem_2prod_meme_vitesse_1conso.png, id=128, 182.93344pt x 603.75563pt>
File: screens/prod_plus_rapide_sem_2prod_meme_vitesse_1conso.png Graphic file (type png)

<use screens/prod_plus_rapide_sem_2prod_meme_vitesse_1conso.png>
Package pdftex.def Info: screens/prod_plus_rapide_sem_2prod_meme_vitesse_1conso.png used on input line 1361.
(pdftex.def)             Requested size: 167.2989pt x 552.18225pt.


LaTeX Warning: `h' float specifier changed to `ht'.

<screens/conso_plus_rapide_sem_2prod_meme_vitesse_1conso.png, id=129, 204.765pt x 633.11531pt>
File: screens/conso_plus_rapide_sem_2prod_meme_vitesse_1conso.png Graphic file (type png)

<use screens/conso_plus_rapide_sem_2prod_meme_vitesse_1conso.png>
Package pdftex.def Info: screens/conso_plus_rapide_sem_2prod_meme_vitesse_1conso.png used on input line 1370.
(pdftex.def)             Requested size: 167.2989pt x 517.30309pt.


LaTeX Warning: `h' float specifier changed to `ht'.


Underfull \hbox (badness 10000) in paragraph at lines 1379--1380

 []

[36] [37] [38] [39]

LaTeX Warning: Reference `prod_plus_rapide_sem_2conso_meme_vitesse_1prod' on page 40 undefined on input line 1566.


LaTeX Warning: Reference `conso_plus_rapide_sem_2conso_meme_vitesse_1prod' on page 40 undefined on input line 1567.

[40] <screens/prod_plus_rapide_sem_2conso_meme_vitesse_1prod.png, id=146, 180.675pt x 643.6547pt>
File: screens/prod_plus_rapide_sem_2conso_meme_vitesse_1prod.png Graphic file (type png)

<use screens/prod_plus_rapide_sem_2conso_meme_vitesse_1prod.png>
Package pdftex.def Info: screens/prod_plus_rapide_sem_2conso_meme_vitesse_1prod.png used on input line 1573.
(pdftex.def)             Requested size: 146.39133pt x 521.52441pt.


LaTeX Warning: `h' float specifier changed to `ht'.

<screens/conso_plus_rapide_sem_2conso_meme_vitesse_1prod.png, id=147, 188.20313pt x 548.80031pt>
File: screens/conso_plus_rapide_sem_2conso_meme_vitesse_1prod.png Graphic file (type png)

<use screens/conso_plus_rapide_sem_2conso_meme_vitesse_1prod.png>
Package pdftex.def Info: screens/conso_plus_rapide_sem_2conso_meme_vitesse_1prod.png used on input line 1582.
(pdftex.def)             Requested size: 167.2989pt x 487.87804pt.


LaTeX Warning: `h' float specifier changed to `ht'.


Underfull \hbox (badness 10000) in paragraph at lines 1591--1592

 []

[41] [42] [43] [44] [45]
Underfull \hbox (badness 10000) in paragraph at lines 1833--1834

 []


LaTeX Warning: Reference `prod_conso_meme_vitesse_sem_2prod_meme_vitesse_2conso_meme_vitesse_TRAFIK' on page 46 undefine
d on input line 1835.


LaTeX Warning: Reference `prod_plus_rapide_sem_2prod_meme_vitesse_2conso_meme_vitesse_TRAFIK' on page 46 undefined on in
put line 1837.


LaTeX Warning: Reference `conso_plus_rapide_sem_2prod_meme_vitesse_2conso_meme_vitesse' on page 46 undefined on input li
ne 1839.

[46]
<screens/prod_conso_meme_vitesse_sem_2prod_meme_vitesse_2conso_meme_vitesse_TRAFIK.png, id=167, 192.72pt x 679.78969pt>
File: screens/prod_conso_meme_vitesse_sem_2prod_meme_vitesse_2conso_meme_vitesse_TRAFIK.png Graphic file (type png)

<use screens/prod_conso_meme_vitesse_sem_2prod_meme_vitesse_2conso_meme_vitesse_TRAFIK.png>
Package pdftex.def Info: screens/prod_conso_meme_vitesse_sem_2prod_meme_vitesse_2conso_meme_vitesse_TRAFIK.png used on i
nput line 1847.
(pdftex.def)             Requested size: 146.39133pt x 516.36546pt.


LaTeX Warning: `h' float specifier changed to `ht'.

<screens/prod_plus_rapide_sem_2prod_meme_vitesse_2conso_meme_vitesse_TRAFIK.png, id=168, 188.95593pt x 554.82281pt>
File: screens/prod_plus_rapide_sem_2prod_meme_vitesse_2conso_meme_vitesse_TRAFIK.png Graphic file (type png)

<use screens/prod_plus_rapide_sem_2prod_meme_vitesse_2conso_meme_vitesse_TRAFIK.png>
Package pdftex.def Info: screens/prod_plus_rapide_sem_2prod_meme_vitesse_2conso_meme_vitesse_TRAFIK.png used on input li
ne 1856.
(pdftex.def)             Requested size: 167.2989pt x 491.23405pt.


LaTeX Warning: `h' float specifier changed to `ht'.

<screens/conso_plus_rapide_sem_2prod_meme_vitesse_2conso_meme_vitesse.png, id=169, 192.72pt x 525.46312pt>
File: screens/conso_plus_rapide_sem_2prod_meme_vitesse_2conso_meme_vitesse.png Graphic file (type png)

<use screens/conso_plus_rapide_sem_2prod_meme_vitesse_2conso_meme_vitesse.png>
Package pdftex.def Info: screens/conso_plus_rapide_sem_2prod_meme_vitesse_2conso_meme_vitesse.png used on input line 186
5.
(pdftex.def)             Requested size: 167.2989pt x 456.14699pt.


LaTeX Warning: `h' float specifier changed to `ht'.

[47 <./screens/conso_plus_rapide_sem.png>] [48 <./screens/prod_plus_rapide_sem.png>] [49 <./screens/prod_plus_rapide_sem
_2prod_meme_vitesse_1conso.png>] [50 <./screens/conso_plus_rapide_sem_2prod_meme_vitesse_1conso.png>] [51 <./screens/pro
d_plus_rapide_sem_2conso_meme_vitesse_1prod.png>] [52 <./screens/conso_plus_rapide_sem_2conso_meme_vitesse_1prod.png>]
[53 <./screens/prod_conso_meme_vitesse_sem_2prod_meme_vitesse_2conso_meme_vitesse_TRAFIK.png>] [54 <./screens/prod_plus_
rapide_sem_2prod_meme_vitesse_2conso_meme_vitesse_TRAFIK.png>] [55 <./screens/conso_plus_rapide_sem_2prod_meme_vitesse_2
conso_meme_vitesse.png>]
Chapitre 3.
<screens/philo_table.png, id=208, 496.10344pt x 423.08063pt>
File: screens/philo_table.png Graphic file (type png)
 <use screens/philo_table.png>
Package pdftex.def Info: screens/philo_table.png used on input line 1886.
(pdftex.def)             Requested size: 250.95476pt x 214.01877pt.
 [56

 <./screens/philo_table.png>]
Underfull \hbox (badness 10000) in paragraph at lines 1892--1893

 []


Underfull \hbox (badness 10000) in paragraph at lines 1894--1898

 []

[57] [58] [59] <screens/philo_pense_meme_vitesse.png, id=224, 265.74281pt x 218.31563pt>
File: screens/philo_pense_meme_vitesse.png Graphic file (type png)

<use screens/philo_pense_meme_vitesse.png>
Package pdftex.def Info: screens/philo_pense_meme_vitesse.png used on input line 2030.
(pdftex.def)             Requested size: 209.12683pt x 171.80786pt.
 [60 <./screens/philo_pense_meme_vitesse.png>] [61] [62] [63] [64] [65]
[66] [67] <screens/pipe.PNG, id=252, 210.03468pt x 113.67468pt>
File: screens/pipe.PNG Graphic file (type png)
 <use screens/pipe.PNG>
Package pdftex.def Info: screens/pipe.PNG used on input line 2344.
(pdftex.def)             Requested size: 334.60422pt x 181.0957pt.
 [68 <./screens/pipe.PNG>]
("Rapport TP-Kernel.aux")

LaTeX Warning: There were undefined references.


LaTeX Warning: Label(s) may have changed. Rerun to get cross-references right.

 ) 
Here is how much of TeX's memory you used:
 7323 strings out of 493698
 102692 string characters out of 3141994
 464593 words of memory out of 3000000
 10469 multiletter control sequences out of 15000+200000
 81913 words of font info for 64 fonts, out of 3000000 for 9000
 1025 hyphenation exceptions out of 8191
 46i,12n,97p,1403b,1757s stack positions out of 5000i,500n,10000p,200000b,50000s
{C:/Program Files (x86)/MiKTeX 2.9/fonts/enc/dvips/lm/lm-mathsy.enc}{C:/Program Files (x86)/MiKTeX 2.9/fonts/enc/dvips
/lm/lm-mathit.enc}{C:/Program Files (x86)/MiKTeX 2.9/fonts/enc/dvips/lm/lm-rm.enc}{C:/Program Files (x86)/MiKTeX 2.9/fon
ts/enc/dvips/lm/lm-ec.enc}<C:/Program Files (x86)/MiKTeX 2.9/fonts/type1/public/lm/lmbx12.pfb><C:/Program Files (x86)/Mi
KTeX 2.9/fonts/type1/public/lm/lmcsc10.pfb><C:/Program Files (x86)/MiKTeX 2.9/fonts/type1/public/lm/lmmi12.pfb><C:/Progr
am Files (x86)/MiKTeX 2.9/fonts/type1/public/lm/lmr10.pfb><C:/Program Files (x86)/MiKTeX 2.9/fonts/type1/public/lm/lmr12
.pfb><C:/Program Files (x86)/MiKTeX 2.9/fonts/type1/public/lm/lmr6.pfb><C:/Program Files (x86)/MiKTeX 2.9/fonts/type1/pu
blic/lm/lmri12.pfb><C:/Program Files (x86)/MiKTeX 2.9/fonts/type1/public/lm/lmsy10.pfb><C:/Program Files (x86)/MiKTeX 2.
9/fonts/type1/public/lm/lmsy7.pfb>
Output written on "Rapport TP-Kernel.pdf" (69 pages, 596022 bytes).
PDF statistics:
 293 PDF objects out of 1000 (max. 8388607)
 0 named destinations out of 1000 (max. 500000)
 71 words of extra memory for PDF output out of 10000 (max. 10000000)

