This is pdfTeX, Version 3.14159265-2.6-1.40.15 (MiKTeX 2.9) (preloaded format=pdflatex 2015.2.19)  24 MAY 2017 23:23
entering extended mode
**"Rapport TP-LinuxEmb.tex"
("Rapport TP-LinuxEmb.tex"
LaTeX2e <2014/05/01>
Babel <3.9l> and hyphenation patterns for 68 languages loaded.
("C:\Program Files (x86)\MiKTeX 2.9\tex\latex\base\report.cls"
Document Class: report 2014/09/29 v1.4h Standard LaTeX document class
("C:\Program Files (x86)\MiKTeX 2.9\tex\latex\base\size12.clo"
File: size12.clo 2014/09/29 v1.4h Standard LaTeX file (size option)
)
\c@part=\count79
\c@chapter=\count80
\c@section=\count81
\c@subsection=\count82
\c@subsubsection=\count83
\c@paragraph=\count84
\c@subparagraph=\count85
\c@figure=\count86
\c@table=\count87
\abovecaptionskip=\skip41
\belowcaptionskip=\skip42
\bibindent=\dimen102
)
("C:\Program Files (x86)\MiKTeX 2.9\tex\latex\adjustbox\adjustbox.sty"
Package: adjustbox 2012/05/21 v1.0 Adjusting TeX boxes (trim, clip, ...)

("C:\Program Files (x86)\MiKTeX 2.9\tex\latex\xkeyval\xkeyval.sty"
Package: xkeyval 2014/12/03 v2.7a package option processing (HA)

("C:\Program Files (x86)\MiKTeX 2.9\tex\generic\xkeyval\xkeyval.tex"
("C:\Program Files (x86)\MiKTeX 2.9\tex\generic\xkeyval\xkvutils.tex"
\XKV@toks=\toks14
\XKV@tempa@toks=\toks15

("C:\Program Files (x86)\MiKTeX 2.9\tex\generic\xkeyval\keyval.tex"))
\XKV@depth=\count88
File: xkeyval.tex 2014/12/03 v2.7a key=value parser (HA)
))
("C:\Program Files (x86)\MiKTeX 2.9\tex\latex\adjustbox\adjcalc.sty"
Package: adjcalc 2012/05/16 v1.1 Provides advanced setlength with multiple back-ends (calc, etex, pgfmath)
)
("C:\Program Files (x86)\MiKTeX 2.9\tex\latex\adjustbox\trimclip.sty"
Package: trimclip 2012/05/16 v1.0 Trim and clip general TeX material

("C:\Program Files (x86)\MiKTeX 2.9\tex\latex\graphics\graphicx.sty"
Package: graphicx 2014/10/28 v1.0g Enhanced LaTeX Graphics (DPC,SPQR)

("C:\Program Files (x86)\MiKTeX 2.9\tex\latex\graphics\graphics.sty"
Package: graphics 2014/10/28 v1.0p Standard LaTeX Graphics (DPC,SPQR)

("C:\Program Files (x86)\MiKTeX 2.9\tex\latex\graphics\trig.sty"
Package: trig 1999/03/16 v1.09 sin cos tan (DPC)
)
("C:\Program Files (x86)\MiKTeX 2.9\tex\latex\00miktex\graphics.cfg"
File: graphics.cfg 2007/01/18 v1.5 graphics configuration of teTeX/TeXLive
)
Package graphics Info: Driver file: pdftex.def on input line 91.

("C:\Program Files (x86)\MiKTeX 2.9\tex\latex\pdftex-def\pdftex.def"
File: pdftex.def 2011/05/27 v0.06d Graphics/color for pdfTeX

("C:\Program Files (x86)\MiKTeX 2.9\tex\generic\oberdiek\infwarerr.sty"
Package: infwarerr 2010/04/08 v1.3 Providing info/warning/error messages (HO)
)
("C:\Program Files (x86)\MiKTeX 2.9\tex\generic\oberdiek\ltxcmds.sty"
Package: ltxcmds 2011/11/09 v1.22 LaTeX kernel commands for general use (HO)
)
\Gread@gobject=\count89
))
\Gin@req@height=\dimen103
\Gin@req@width=\dimen104
)
("C:\Program Files (x86)\MiKTeX 2.9\tex\latex\collectbox\collectbox.sty"
Package: collectbox 2012/05/17 v0.4b Collect macro arguments as boxes
\collectedbox=\box26
)
\tc@llx=\dimen105
\tc@lly=\dimen106
\tc@urx=\dimen107
\tc@ury=\dimen108
Package trimclip Info: Using driver 'tc-pdftex.def'.

("C:\Program Files (x86)\MiKTeX 2.9\tex\latex\adjustbox\tc-pdftex.def"
File: tc-pdftex.def 2012/05/13 v1.0 Clipping driver for pdftex
))
\adjbox@Width=\dimen109
\adjbox@Height=\dimen110
\adjbox@Depth=\dimen111
\adjbox@Totalheight=\dimen112

("C:\Program Files (x86)\MiKTeX 2.9\tex\latex\ifoddpage\ifoddpage.sty"
Package: ifoddpage 2016/04/23 v1.1 Conditionals for odd/even page detection
\c@checkoddpage=\count90
)
("C:\Program Files (x86)\MiKTeX 2.9\tex\latex\ltxmisc\varwidth.sty"
Package: varwidth 2009/03/30 ver 0.92;  Variable-width minipages
\@vwid@box=\box27
\sift@deathcycles=\count91
\@vwid@loff=\dimen113
\@vwid@roff=\dimen114
))
("C:\Program Files (x86)\MiKTeX 2.9\tex\latex\geometry\geometry.sty"
Package: geometry 2010/09/12 v5.6 Page Geometry

("C:\Program Files (x86)\MiKTeX 2.9\tex\generic\oberdiek\ifpdf.sty"
Package: ifpdf 2011/01/30 v2.3 Provides the ifpdf switch (HO)
Package ifpdf Info: pdfTeX in PDF mode is detected.
)
("C:\Program Files (x86)\MiKTeX 2.9\tex\generic\oberdiek\ifvtex.sty"
Package: ifvtex 2010/03/01 v1.5 Detect VTeX and its facilities (HO)
Package ifvtex Info: VTeX not detected.
)
("C:\Program Files (x86)\MiKTeX 2.9\tex\generic\ifxetex\ifxetex.sty"
Package: ifxetex 2010/09/12 v0.6 Provides ifxetex conditional
)
\Gm@cnth=\count92
\Gm@cntv=\count93
\c@Gm@tempcnt=\count94
\Gm@bindingoffset=\dimen115
\Gm@wd@mp=\dimen116
\Gm@odd@mp=\dimen117
\Gm@even@mp=\dimen118
\Gm@layoutwidth=\dimen119
\Gm@layoutheight=\dimen120
\Gm@layouthoffset=\dimen121
\Gm@layoutvoffset=\dimen122
\Gm@dimlist=\toks16

("C:\Program Files (x86)\MiKTeX 2.9\tex\latex\geometry\geometry.cfg"))
("C:\Program Files (x86)\MiKTeX 2.9\tex\latex\babel\babel.sty"
Package: babel 2014/09/25 3.9l The Babel package

*************************************
* Local config file bblopts.cfg used
*
("C:\Program Files (x86)\MiKTeX 2.9\tex\latex\00miktex\bblopts.cfg"
File: bblopts.cfg 2006/07/31 v1.0 MiKTeX 'babel' configuration
)
("C:\Program Files (x86)\MiKTeX 2.9\tex\latex\babel-french\frenchb.ldf"
Language: frenchb 2014/10/25 v3.1c French support from the babel system

("C:\Program Files (x86)\MiKTeX 2.9\tex\latex\babel\babel.def"
File: babel.def 2014/09/25 3.9l Babel common definitions
\babel@savecnt=\count95
\U@D=\dimen123
)
\l@acadian = a dialect from \language\l@french 
\l@canadien = a dialect from \language\l@french 
\FBcolonskip=\skip43
\FBthinskip=\skip44
\FB@interchartokenstateORI=\count96
Package babel Info: Making : an active character on input line 371.
Package babel Info: Making ; an active character on input line 372.
Package babel Info: Making ! an active character on input line 373.
Package babel Info: Making ? an active character on input line 374.
\FBguillskip=\skip45
\FBguill@level=\count97
\FB@Mht=\dimen124
\std@mcc=\count98
\dec@mcc=\count99
\listindentFB=\skip46
\labelwidthFB=\skip47
\leftmarginFB=\skip48
\parindentFFN=\dimen125
))
("C:\Program Files (x86)\MiKTeX 2.9\tex\latex\carlisle\scalefnt.sty")
("C:\Program Files (x86)\MiKTeX 2.9\tex\latex\base\fontenc.sty"
Package: fontenc 2005/09/27 v1.99g Standard LaTeX package

("C:\Program Files (x86)\MiKTeX 2.9\tex\latex\base\t1enc.def"
File: t1enc.def 2005/09/27 v1.99g Standard LaTeX file
LaTeX Font Info:    Redeclaring font encoding T1 on input line 43.
))
("C:\Program Files (x86)\MiKTeX 2.9\tex\latex\base\inputenc.sty"
Package: inputenc 2014/04/30 v1.2b Input encoding file
\inpenc@prehook=\toks17
\inpenc@posthook=\toks18

("C:\Program Files (x86)\MiKTeX 2.9\tex\latex\base\latin1.def"
File: latin1.def 2014/04/30 v1.2b Input encoding file
))
("C:\Program Files (x86)\MiKTeX 2.9\tex\latex\tools\verbatim.sty"
Package: verbatim 2014/10/28 v1.5q LaTeX2e package for verbatim enhancements
\every@verbatim=\toks19
\verbatim@line=\toks20
\verbatim@in@stream=\read1
)
("C:\Program Files (x86)\MiKTeX 2.9\tex\latex\lm\lmodern.sty"
Package: lmodern 2009/10/30 v1.6 Latin Modern Fonts
LaTeX Font Info:    Overwriting symbol font `operators' in version `normal'
(Font)                  OT1/cmr/m/n --> OT1/lmr/m/n on input line 22.
LaTeX Font Info:    Overwriting symbol font `letters' in version `normal'
(Font)                  OML/cmm/m/it --> OML/lmm/m/it on input line 23.
LaTeX Font Info:    Overwriting symbol font `symbols' in version `normal'
(Font)                  OMS/cmsy/m/n --> OMS/lmsy/m/n on input line 24.
LaTeX Font Info:    Overwriting symbol font `largesymbols' in version `normal'
(Font)                  OMX/cmex/m/n --> OMX/lmex/m/n on input line 25.
LaTeX Font Info:    Overwriting symbol font `operators' in version `bold'
(Font)                  OT1/cmr/bx/n --> OT1/lmr/bx/n on input line 26.
LaTeX Font Info:    Overwriting symbol font `letters' in version `bold'
(Font)                  OML/cmm/b/it --> OML/lmm/b/it on input line 27.
LaTeX Font Info:    Overwriting symbol font `symbols' in version `bold'
(Font)                  OMS/cmsy/b/n --> OMS/lmsy/b/n on input line 28.
LaTeX Font Info:    Overwriting symbol font `largesymbols' in version `bold'
(Font)                  OMX/cmex/m/n --> OMX/lmex/m/n on input line 29.
LaTeX Font Info:    Overwriting math alphabet `\mathbf' in version `normal'
(Font)                  OT1/cmr/bx/n --> OT1/lmr/bx/n on input line 31.
LaTeX Font Info:    Overwriting math alphabet `\mathsf' in version `normal'
(Font)                  OT1/cmss/m/n --> OT1/lmss/m/n on input line 32.
LaTeX Font Info:    Overwriting math alphabet `\mathit' in version `normal'
(Font)                  OT1/cmr/m/it --> OT1/lmr/m/it on input line 33.
LaTeX Font Info:    Overwriting math alphabet `\mathtt' in version `normal'
(Font)                  OT1/cmtt/m/n --> OT1/lmtt/m/n on input line 34.
LaTeX Font Info:    Overwriting math alphabet `\mathbf' in version `bold'
(Font)                  OT1/cmr/bx/n --> OT1/lmr/bx/n on input line 35.
LaTeX Font Info:    Overwriting math alphabet `\mathsf' in version `bold'
(Font)                  OT1/cmss/bx/n --> OT1/lmss/bx/n on input line 36.
LaTeX Font Info:    Overwriting math alphabet `\mathit' in version `bold'
(Font)                  OT1/cmr/bx/it --> OT1/lmr/bx/it on input line 37.
LaTeX Font Info:    Overwriting math alphabet `\mathtt' in version `bold'
(Font)                  OT1/cmtt/m/n --> OT1/lmtt/m/n on input line 38.
)
("C:\Program Files (x86)\MiKTeX 2.9\tex\latex\amsmath\amsmath.sty"
Package: amsmath 2013/01/14 v2.14 AMS math features
\@mathmargin=\skip49

For additional information on amsmath, use the `?' option.
("C:\Program Files (x86)\MiKTeX 2.9\tex\latex\amsmath\amstext.sty"
Package: amstext 2000/06/29 v2.01

("C:\Program Files (x86)\MiKTeX 2.9\tex\latex\amsmath\amsgen.sty"
File: amsgen.sty 1999/11/30 v2.0
\@emptytoks=\toks21
\ex@=\dimen126
))
("C:\Program Files (x86)\MiKTeX 2.9\tex\latex\amsmath\amsbsy.sty"
Package: amsbsy 1999/11/29 v1.2d
\pmbraise@=\dimen127
)
("C:\Program Files (x86)\MiKTeX 2.9\tex\latex\amsmath\amsopn.sty"
Package: amsopn 1999/12/14 v2.01 operator names
)
\inf@bad=\count100
LaTeX Info: Redefining \frac on input line 210.
\uproot@=\count101
\leftroot@=\count102
LaTeX Info: Redefining \overline on input line 306.
\classnum@=\count103
\DOTSCASE@=\count104
LaTeX Info: Redefining \ldots on input line 378.
LaTeX Info: Redefining \dots on input line 381.
LaTeX Info: Redefining \cdots on input line 466.
\Mathstrutbox@=\box28
\strutbox@=\box29
\big@size=\dimen128
LaTeX Font Info:    Redeclaring font encoding OML on input line 566.
LaTeX Font Info:    Redeclaring font encoding OMS on input line 567.
\macc@depth=\count105
\c@MaxMatrixCols=\count106
\dotsspace@=\muskip10
\c@parentequation=\count107
\dspbrk@lvl=\count108
\tag@help=\toks22
\row@=\count109
\column@=\count110
\maxfields@=\count111
\andhelp@=\toks23
\eqnshift@=\dimen129
\alignsep@=\dimen130
\tagshift@=\dimen131
\tagwidth@=\dimen132
\totwidth@=\dimen133
\lineht@=\dimen134
\@envbody=\toks24
\multlinegap=\skip50
\multlinetaggap=\skip51
\mathdisplay@stack=\toks25
LaTeX Info: Redefining \[ on input line 2665.
LaTeX Info: Redefining \] on input line 2666.
)
("C:\Program Files (x86)\MiKTeX 2.9\tex\latex\amscls\amsthm.sty"
Package: amsthm 2009/07/02 v2.20.1
\thm@style=\toks26
\thm@bodyfont=\toks27
\thm@headfont=\toks28
\thm@notefont=\toks29
\thm@headpunct=\toks30
\thm@preskip=\skip52
\thm@postskip=\skip53
\thm@headsep=\skip54
\dth@everypar=\toks31
)
("C:\Program Files (x86)\MiKTeX 2.9\tex\latex\amsfonts\amsfonts.sty"
Package: amsfonts 2013/01/14 v3.01 Basic AMSFonts support
\symAMSa=\mathgroup4
\symAMSb=\mathgroup5
LaTeX Font Info:    Overwriting math alphabet `\mathfrak' in version `bold'
(Font)                  U/euf/m/n --> U/euf/b/n on input line 106.
)
("C:\Program Files (x86)\MiKTeX 2.9\tex\latex\packages\setspace\setspace.sty"
Package: setspace 2011/12/19 v6.7a set line spacing
)
("C:\Program Files (x86)\MiKTeX 2.9\tex\latex\listings\listings.sty"
\lst@mode=\count112
\lst@gtempboxa=\box30
\lst@token=\toks32
\lst@length=\count113
\lst@currlwidth=\dimen135
\lst@column=\count114
\lst@pos=\count115
\lst@lostspace=\dimen136
\lst@width=\dimen137
\lst@newlines=\count116
\lst@lineno=\count117
\lst@maxwidth=\dimen138

("C:\Program Files (x86)\MiKTeX 2.9\tex\latex\listings\lstmisc.sty"
File: lstmisc.sty 2014/09/06 1.5e (Carsten Heinz)
\c@lstnumber=\count118
\lst@skipnumbers=\count119
\lst@framebox=\box31
)
("C:\Program Files (x86)\MiKTeX 2.9\tex\latex\listings\listings.cfg"
File: listings.cfg 2014/09/06 1.5e listings configuration
))
Package: listings 2014/09/06 1.5e (Carsten Heinz)

("C:\Program Files (x86)\MiKTeX 2.9\tex\latex\listings\lstlang1.sty"
File: lstlang1.sty 2014/09/06 1.5e listings language file
)
("C:\Program Files (x86)\MiKTeX 2.9\tex\latex\listings\lstmisc.sty"
File: lstmisc.sty 2014/09/06 1.5e (Carsten Heinz)
)
("C:\Program Files (x86)\MiKTeX 2.9\tex\latex\graphics\color.sty"
Package: color 2014/10/28 v1.1a Standard LaTeX Color (DPC)

("C:\Program Files (x86)\MiKTeX 2.9\tex\latex\00miktex\color.cfg"
File: color.cfg 2007/01/18 v1.5 color configuration of teTeX/TeXLive
)
Package color Info: Driver file: pdftex.def on input line 137.
)
("C:\Program Files (x86)\MiKTeX 2.9\tex\latex\listings\lstlang1.sty"
File: lstlang1.sty 2014/09/06 1.5e listings language file
)
("C:\Program Files (x86)\MiKTeX 2.9\tex\latex\fancyhdr\fancyhdr.sty"
Package: fancyhdr 2016/09/06 3.8 Extensive control of page headers and footers
\fancy@headwidth=\skip55
\f@ncyO@elh=\skip56
\f@ncyO@erh=\skip57
\f@ncyO@olh=\skip58
\f@ncyO@orh=\skip59
\f@ncyO@elf=\skip60
\f@ncyO@erf=\skip61
\f@ncyO@olf=\skip62
\f@ncyO@orf=\skip63
)
("C:\Program Files (x86)\MiKTeX 2.9\tex\latex\titlesec\titlesec.sty"
Package: titlesec 2016/03/21 v2.10.2 Sectioning titles
\ttl@box=\box32
\beforetitleunit=\skip64
\aftertitleunit=\skip65
\ttl@plus=\dimen139
\ttl@minus=\dimen140
\ttl@toksa=\toks33
\titlewidth=\dimen141
\titlewidthlast=\dimen142
\titlewidthfirst=\dimen143
)
("C:\Program Files (x86)\MiKTeX 2.9\tex\latex\titlesec\frame.tss"
File: frame.tss 2016/03/15
) ("Rapport TP-LinuxEmb.aux")
LaTeX Font Info:    Checking defaults for OML/cmm/m/it on input line 126.
LaTeX Font Info:    ... okay on input line 126.
LaTeX Font Info:    Checking defaults for T1/cmr/m/n on input line 126.
LaTeX Font Info:    ... okay on input line 126.
LaTeX Font Info:    Checking defaults for OT1/cmr/m/n on input line 126.
LaTeX Font Info:    ... okay on input line 126.
LaTeX Font Info:    Checking defaults for OMS/cmsy/m/n on input line 126.
LaTeX Font Info:    ... okay on input line 126.
LaTeX Font Info:    Checking defaults for OMX/cmex/m/n on input line 126.
LaTeX Font Info:    ... okay on input line 126.
LaTeX Font Info:    Checking defaults for U/cmr/m/n on input line 126.
LaTeX Font Info:    ... okay on input line 126.
LaTeX Font Info:    Try loading font information for T1+lmr on input line 126.

("C:\Program Files (x86)\MiKTeX 2.9\tex\latex\lm\t1lmr.fd"
File: t1lmr.fd 2009/10/30 v1.6 Font defs for Latin Modern
)
("C:\Program Files (x86)\MiKTeX 2.9\tex\latex\packages\mptopdf\tex\context\base\supp-pdf.mkii"
[Loading MPS to PDF converter (version 2006.09.02).]
\scratchcounter=\count120
\scratchdimen=\dimen144
\scratchbox=\box33
\nofMPsegments=\count121
\nofMParguments=\count122
\everyMPshowfont=\toks34
\MPscratchCnt=\count123
\MPscratchDim=\dimen145
\MPnumerator=\count124
\everyMPtoPDFconversion=\toks35
)
*geometry* driver: auto-detecting
*geometry* detected driver: pdftex
*geometry* verbose mode - [ preamble ] result:
* driver: pdftex
* paper: a4paper
* layout: <same size as paper>
* layoutoffset:(h,v)=(0.0pt,0.0pt)
* modes: twoside 
* h-part:(L,W,R)=(71.70166pt, 418.25368pt, 107.55254pt)
* v-part:(T,H,B)=(101.40665pt, 591.5302pt, 152.11pt)
* \paperwidth=597.50787pt
* \paperheight=845.04684pt
* \textwidth=418.25368pt
* \textheight=591.5302pt
* \oddsidemargin=-0.56833pt
* \evensidemargin=35.28255pt
* \topmargin=-7.86334pt
* \headheight=12.0pt
* \headsep=25.0pt
* \topskip=12.0pt
* \footskip=30.0pt
* \marginparwidth=85.0pt
* \marginparsep=10.0pt
* \columnsep=10.0pt
* \skip\footins=10.8pt plus 4.0pt minus 2.0pt
* \hoffset=0.0pt
* \voffset=0.0pt
* \mag=1000
* \@twocolumnfalse
* \@twosidetrue
* \@mparswitchtrue
* \@reversemarginfalse
* (1in=72.27pt=25.4mm, 1cm=28.453pt)

LaTeX Info: Redefining \degres on input line 126.
LaTeX Info: Redefining \dots on input line 126.
LaTeX Info: Redefining \up on input line 126.
\c@lstlisting=\count125
<sigle_UTC.jpg, id=1, 367.3725pt x 283.0575pt>
File: sigle_UTC.jpg Graphic file (type jpg)
 <use sigle_UTC.jpg>
Package pdftex.def Info: sigle_UTC.jpg used on input line 131.
(pdftex.def)             Requested size: 62.73549pt x 48.33508pt.
 [1

{C:/ProgramData/MiKTeX/2.9/pdftex/config/pdftex.map} <./sigle_UTC.jpg>] ("Rapport TP-LinuxEmb.toc"
LaTeX Font Info:    Try loading font information for OT1+lmr on input line 3.
 ("C:\Program Files (x86)\MiKTeX 2.9\tex\latex\lm\ot1lmr.fd"
File: ot1lmr.fd 2009/10/30 v1.6 Font defs for Latin Modern
)
LaTeX Font Info:    Try loading font information for OML+lmm on input line 3.

("C:\Program Files (x86)\MiKTeX 2.9\tex\latex\lm\omllmm.fd"
File: omllmm.fd 2009/10/30 v1.6 Font defs for Latin Modern
)
LaTeX Font Info:    Try loading font information for OMS+lmsy on input line 3.
 ("C:\Program Files (x86)\MiKTeX 2.9\tex\latex\lm\omslmsy.fd"
File: omslmsy.fd 2009/10/30 v1.6 Font defs for Latin Modern
)
LaTeX Font Info:    Try loading font information for OMX+lmex on input line 3.
 ("C:\Program Files (x86)\MiKTeX 2.9\tex\latex\lm\omxlmex.fd"
File: omxlmex.fd 2009/10/30 v1.6 Font defs for Latin Modern
)
LaTeX Font Info:    External font `lmex10' loaded for size
(Font)              <12> on input line 3.
LaTeX Font Info:    External font `lmex10' loaded for size
(Font)              <8> on input line 3.
LaTeX Font Info:    External font `lmex10' loaded for size
(Font)              <6> on input line 3.
LaTeX Font Info:    Try loading font information for U+msa on input line 3.

("C:\Program Files (x86)\MiKTeX 2.9\tex\latex\amsfonts\umsa.fd"
File: umsa.fd 2013/01/14 v3.01 AMS symbols A
)
LaTeX Font Info:    Try loading font information for U+msb on input line 3.

("C:\Program Files (x86)\MiKTeX 2.9\tex\latex\amsfonts\umsb.fd"
File: umsb.fd 2013/01/14 v3.01 AMS symbols B
) [2

]

Package Fancyhdr Warning: \headheight is too small (12.0pt): 
 Make it at least 14.49998pt.
 We now make it that large for the rest of the document.
 This may cause the page layout to be inconsistent, however.

[3])
\tf@toc=\write3
 [4] ("Rapport TP-LinuxEmb.lof"
Overfull \hbox (25.48874pt too wide) in paragraph at lines 25--25
 [][] []\T1/lmr/m/n/12 Statistiques Xe-no-mai avec une tâche temps réel et la fonc-tion rt_task_sleep [][]  
 []

)
\tf@lof=\write4
 [5

]
Chapitre 1.
[6

]
LaTeX Font Info:    External font `lmex10' loaded for size
(Font)              <10> on input line 206.
LaTeX Font Info:    External font `lmex10' loaded for size
(Font)              <7> on input line 206.
LaTeX Font Info:    External font `lmex10' loaded for size
(Font)              <5> on input line 206.

Overfull \hbox (12.35114pt too wide) in paragraph at lines 223--223
[]\T1/lmr/m/n/12 Voici ce qu'on ob-tient dans le dos-sier \T1/lmr/m/it/12 /ho-me/mi11/poky/build/tmp/deploy/images
 []

[7] <23dossierimage.PNG, id=32, 873.2625pt x 289.08pt>
File: 23dossierimage.PNG Graphic file (type png)
 <use 23dossierimage.PNG>
Package pdftex.def Info: 23dossierimage.PNG used on input line 226.
(pdftex.def)             Requested size: 418.25368pt x 138.45686pt.

Underfull \vbox (badness 10000) has occurred while \output is active []

 [8 <./23dossierimage.PNG>]

LaTeX Warning: No positions in optional float specifier.
               Default added (so using `!tbp') on input line 268.

<341.jpg, id=38, 230.36063pt x 674.52pt>
File: 341.jpg Graphic file (type jpg)
 <use 341.jpg>
Package pdftex.def Info: 341.jpg used on input line 270.
(pdftex.def)             Requested size: 175.66577pt x 514.35934pt.


LaTeX Warning: No positions in optional float specifier.
               Default added (so using `!tbp') on input line 274.

<342.jpg, id=39, 201.75375pt x 67.75313pt>
File: 342.jpg Graphic file (type jpg)
 <use 342.jpg>
Package pdftex.def Info: 342.jpg used on input line 276.
(pdftex.def)             Requested size: 125.47737pt x 42.13779pt.
 [9] [10 <./341.jpg>]
<41dossier_deploy_ipk.png, id=46, 715.92468pt x 117.43875pt>
File: 41dossier_deploy_ipk.png Graphic file (type png)
 <use 41dossier_deploy_ipk.png>
Package pdftex.def Info: 41dossier_deploy_ipk.png used on input line 294.
(pdftex.def)             Requested size: 418.25368pt x 68.61089pt.
 [11 <./342.jpg> <./41dossier_deploy_ipk.png>] <41ou_se_trouve_le_noyau.png, id=51, 715.17188pt x 677.53125pt>
File: 41ou_se_trouve_le_noyau.png Graphic file (type png)
 <use 41ou_se_trouve_le_noyau.png>
Package pdftex.def Info: 41ou_se_trouve_le_noyau.png used on input line 304.
(pdftex.def)             Requested size: 418.25368pt x 396.24564pt.

[12 <./41ou_se_trouve_le_noyau.png>] <42.png, id=56, 711.4078pt x 152.06813pt>
File: 42.png Graphic file (type png)
 <use 42.png>
Package pdftex.def Info: 42.png used on input line 318.
(pdftex.def)             Requested size: 418.25368pt x 89.40616pt.
LaTeX Font Info:    Try loading font information for T1+lmtt on input line 323.

("C:\Program Files (x86)\MiKTeX 2.9\tex\latex\lm\t1lmtt.fd"
File: t1lmtt.fd 2009/10/30 v1.6 Font defs for Latin Modern
)
Overfull \hbox (26.33954pt too wide) in paragraph at lines 336--336
[]\T1/lmtt/m/n/12 sudo cp libxml2_2.9.1-r0_armv7a-vfp-neon.ipk /tftpboot/rootfs/home/root/ 
 []


Overfull \hbox (7.79352pt too wide) in paragraph at lines 341--341
[]\T1/lmtt/m/n/12 scp libxml2_2.9.1-r0_armv7a-vfp-neon.ipk root@192.168.1.6:/home/root/ 
 []

[13 <./42.png>] <44.png, id=63, 691.83469pt x 359.09157pt>
File: 44.png Graphic file (type png)
 <use 44.png>
Package pdftex.def Info: 44.png used on input line 352.
(pdftex.def)             Requested size: 418.25368pt x 217.0949pt.

Overfull \hbox (3.2111pt too wide) in paragraph at lines 362--363
[]\T1/lmr/m/n/12 La page 72 de la do-cu-men-ta-tion nous dit qu'il est pos-sible d'al-lu-mer et d'éteindre
 []

[14 <./44.png>]
Overfull \hbox (44.87155pt too wide) in paragraph at lines 378--378
[]\T1/lmtt/m/n/12 source /opt/poky/1.7.3/environment-setup-armv7a-vfp-neon-poky-linux-gnueabi 
 []

<53.png, id=68, 715.17188pt x 139.27031pt>
File: 53.png Graphic file (type png)
 <use 53.png>
Package pdftex.def Info: 53.png used on input line 392.
(pdftex.def)             Requested size: 418.25368pt x 81.45047pt.
 [15 <./53.png>] <54.png, id=73, 711.4078pt x 702.37407pt>
File: 54.png Graphic file (type png)

<use 54.png>
Package pdftex.def Info: 54.png used on input line 411.
(pdftex.def)             Requested size: 418.25368pt x 412.95027pt.

Underfull \hbox (badness 10000) in paragraph at lines 415--418

 []

[16 <./54.png>] [17] <56.png, id=81, 634.62094pt x 527.72156pt>
File: 56.png Graphic file (type png)
 <use 56.png>
Package pdftex.def Info: 56.png used on input line 435.
(pdftex.def)             Requested size: 418.25368pt x 347.81416pt.

Overfull \hbox (211.58263pt too wide) in paragraph at lines 441--441
[]\T1/lmtt/m/n/12 Linux version 3.1.0 (mi11@mi11-VirtualBox) (gcc version 4.9.1 (GCC) ) #1 Fri Apr 14 17:25:26 CEST 2017
 
 []

[18 <./56.png>] [19] <57.png, id=90, 559.33969pt x 88.83188pt>
File: 57.png Graphic file (type png)
 <use 57.png>
Package pdftex.def Info: 57.png used on input line 454.
(pdftex.def)             Requested size: 418.25368pt x 66.42719pt.
 [20 <./57.png>]
Chapitre 2.
<screenstp6/11.png, id=95, 645.16031pt x 41.4047pt>
File: screenstp6/11.png Graphic file (type png)
 <use screenstp6/11.png>
Package pdftex.def Info: screenstp6/11.png used on input line 475.
(pdftex.def)             Requested size: 418.25368pt x 26.84195pt.

Overfull \hbox (18.60072pt too wide) in paragraph at lines 481--483
\T1/lmr/bx/n/12 /opt/poky/1.7.3/environment-setup-armv7a-vfp-neon-poky-linux-gnueabi\T1/lmr/m/n/12 . 
 []

<screenstp6/12.png, id=96, 493.0922pt x 65.49469pt>
File: screenstp6/12.png Graphic file (type png)
 <use screenstp6/12.png>
Package pdftex.def Info: screenstp6/12.png used on input line 486.
(pdftex.def)             Requested size: 418.25368pt x 55.5568pt.

<screenstp6/13.png, id=97, 503.63156pt x 91.09032pt>
File: screenstp6/13.png Graphic file (type png)
 <use screenstp6/13.png>
Package pdftex.def Info: screenstp6/13.png used on input line 497.
(pdftex.def)             Requested size: 418.25368pt x 75.64801pt.


LaTeX Warning: `h' float specifier changed to `ht'.

[21

 <./screenstp6/11.png> <./screenstp6/12.png>] <screenstp6/14.png, id=103, 362.85562pt x 68.50594pt>
File: screenstp6/14.png Graphic file (type png)

<use screenstp6/14.png>
Package pdftex.def Info: screenstp6/14.png used on input line 519.
(pdftex.def)             Requested size: 418.25368pt x 78.96727pt.
 <screenstp6/21.png, id=104, 355.3275pt x 51.94406pt>
File: screenstp6/21.png Graphic file (type png)
 <use screenstp6/21.png>
Package pdftex.def Info: screenstp6/21.png used on input line 539.
(pdftex.def)             Requested size: 418.25368pt x 61.14523pt.


LaTeX Warning: `h' float specifier changed to `ht'.

[22 <./screenstp6/13.png> <./screenstp6/14.png>] <screenstp6/22.png, id=110, 386.19281pt x 52.69687pt>
File: screenstp6/22.png Graphic file (type png)

<use screenstp6/22.png>
Package pdftex.def Info: screenstp6/22.png used on input line 549.
(pdftex.def)             Requested size: 418.25368pt x 57.07176pt.
 [23 <./screenstp6/21.png> <./screenstp6/22.png>] [24]
<screenstp6/32.PNG, id=119, 474.27188pt x 309.40594pt>
File: screenstp6/32.PNG Graphic file (type png)
 <use screenstp6/32.PNG>
Package pdftex.def Info: screenstp6/32.PNG used on input line 614.
(pdftex.def)             Requested size: 209.12683pt x 136.43173pt.

Overfull \hbox (42.85374pt too wide) in paragraph at lines 623--624
[] \T1/lmr/m/n/12 " \T1/lmr/m/it/12 /opt/poky/1.7.3/sysroots/armv7a-vfp-neon-poky-linux-gnueabi/usr/include/linux/input.
h\T1/lmr/m/n/12 " 
 []

[25 <./screenstp6/32.PNG>]
Underfull \vbox (badness 10000) has occurred while \output is active []

 [26]
Underfull \vbox (badness 10000) has occurred while \output is active []

 [27]
LaTeX Font Info:    Try loading font information for OMS+lmr on input line 762.

("C:\Program Files (x86)\MiKTeX 2.9\tex\latex\lm\omslmr.fd"
File: omslmr.fd 2009/10/30 v1.6 Font defs for Latin Modern
)
LaTeX Font Info:    Font shape `OMS/lmr/m/n' in size <10> not available
(Font)              Font shape `OMS/lmsy/m/n' tried instead on input line 762.
 [28] [29] [30]
Chapitre 3.
<screenstp7/11.PNG, id=140, 430.60875pt x 51.19125pt>
File: screenstp7/11.PNG Graphic file (type png)
 <use screenstp7/11.PNG>
Package pdftex.def Info: screenstp7/11.PNG used on input line 851.
(pdftex.def)             Requested size: 334.60422pt x 39.77902pt.
 [31

 <./screenstp7/11.PNG>] [32]
<screenstp7/13.PNG, id=149, 430.60875pt x 53.44969pt>
File: screenstp7/13.PNG Graphic file (type png)
 <use screenstp7/13.PNG>
Package pdftex.def Info: screenstp7/13.PNG used on input line 917.
(pdftex.def)             Requested size: 334.60422pt x 41.53398pt.

<screenstp7/14.PNG, id=150, 432.11438pt x 69.25874pt>
File: screenstp7/14.PNG Graphic file (type png)
 <use screenstp7/14.PNG>
Package pdftex.def Info: screenstp7/14.PNG used on input line 937.
(pdftex.def)             Requested size: 334.60422pt x 53.63162pt.
 [33 <./screenstp7/13.PNG> <./screenstp7/14.PNG>] <screenstp7/15.PNG, id=156, 432.11438pt x 67.75313pt>
File: screenstp7/15.PNG Graphic file (type png)
 <use screenstp7/15.PNG>
Package pdftex.def Info: screenstp7/15.PNG used on input line 958.
(pdftex.def)             Requested size: 334.60422pt x 52.46573pt.
 [34 <./screenstp7/15.PNG>] [35]
Underfull \hbox (badness 10000) in paragraph at lines 1039--1041

 []

[36]
Underfull \vbox (badness 10000) has occurred while \output is active []

 [37] [38]
Underfull \vbox (badness 10000) has occurred while \output is active []

 [39] [40]
<screenstp7/271.png, id=180, 432.11438pt x 91.84312pt>
File: screenstp7/271.png Graphic file (type png)
 <use screenstp7/271.png>
Package pdftex.def Info: screenstp7/271.png used on input line 1263.
(pdftex.def)             Requested size: 418.25368pt x 88.8999pt.

Underfull \hbox (badness 10000) in paragraph at lines 1267--1268

 []

<screenstp7/272.png, id=181, 405.01312pt x 80.55093pt>
File: screenstp7/272.png Graphic file (type png)
 <use screenstp7/272.png>
Package pdftex.def Info: screenstp7/272.png used on input line 1273.
(pdftex.def)             Requested size: 418.25368pt x 83.18593pt.
 [41 <./screenstp7/271.png> <./screenstp7/272.png>] [42] [43] [44] <screenstp7/32.png, id=197, 222.8325pt x 51.19125pt>
File: screenstp7/32.png Graphic file (type png)
 <use screenstp7/32.png>
Package pdftex.def Info: screenstp7/32.png used on input line 1413.
(pdftex.def)             Requested size: 250.95476pt x 57.65248pt.

<screenstp7/33.png, id=198, 236.38312pt x 54.2025pt>
File: screenstp7/33.png Graphic file (type png)
 <use screenstp7/33.png>
Package pdftex.def Info: screenstp7/33.png used on input line 1423.
(pdftex.def)             Requested size: 250.95476pt x 57.54533pt.
 [45 <./screenstp7/32.png> <./screenstp7/33.png>]
Chapitre 4.
[46

]
Annexe A.

Underfull \vbox (badness 2799) has occurred while \output is active []

 [47

]
Underfull \vbox (badness 10000) has occurred while \output is active []

 [48]
Underfull \vbox (badness 10000) has occurred while \output is active []

 [49]
Underfull \vbox (badness 10000) has occurred while \output is active []

 [50]
Underfull \vbox (badness 10000) has occurred while \output is active []

 [51]
Underfull \vbox (badness 10000) has occurred while \output is active []

 [52]
Overfull \hbox (159.752pt too wide) in paragraph at lines 1765--1766
[][] 
 []


Underfull \vbox (badness 10000) has occurred while \output is active []

 [53] [54] ("Rapport TP-LinuxEmb.aux") ) 
Here is how much of TeX's memory you used:
 9373 strings out of 493698
 123701 string characters out of 3141994
 469256 words of memory out of 3000000
 12506 multiletter control sequences out of 15000+200000
 82231 words of font info for 65 fonts, out of 3000000 for 9000
 1025 hyphenation exceptions out of 8191
 40i,12n,72p,819b,1817s stack positions out of 5000i,500n,10000p,200000b,50000s
{C:/Program Files (x86)/MiKTeX 2.9/fonts/enc/dvips/lm/lm-ec.enc}{C:/Program File
s (x86)/MiKTeX 2.9/fonts/enc/dvips/lm/lm-mathsy.enc}<C:/Program Files (x86)/MiKTeX 2.9/fonts/type1/public/lm/lmbx12.pfb>
<C:/Program Files (x86)/MiKTeX 2.9/fonts/type1/public/lm/lmcsc10.pfb><C:/Program Files (x86)/MiKTeX 2.9/fonts/type1/publ
ic/lm/lmr10.pfb><C:/Program Files (x86)/MiKTeX 2.9/fonts/type1/public/lm/lmr12.pfb><C:/Program Files (x86)/MiKTeX 2.9/fo
nts/type1/public/lm/lmr6.pfb><C:/Program Files (x86)/MiKTeX 2.9/fonts/type1/public/lm/lmri12.pfb><C:/Program Files (x86)
/MiKTeX 2.9/fonts/type1/public/lm/lmsy10.pfb><C:/Program Files (x86)/MiKTeX 2.9/fonts/type1/public/lm/lmtt12.pfb>
Output written on "Rapport TP-LinuxEmb.pdf" (54 pages, 1796968 bytes).
PDF statistics:
 262 PDF objects out of 1000 (max. 8388607)
 0 named destinations out of 1000 (max. 500000)
 136 words of extra memory for PDF output out of 10000 (max. 10000000)

